22.05.2025, 00:22:43 [INFO] - Source: manageDevice 56
Added user cxwrrv2g:PDJYWIXT to USERS.aut for serial 987654321q

22.05.2025, 00:22:43 [INFO] - Source: manageDevice 62
Added group gcxwrrv2g:cxwrrv2g:1 to GROUPS.aut for serial 987654321q

22.05.2025, 00:22:43 [INFO] - Source: manageDevice 77
Added mounts for group gcxwrrv2g to clientmounts.aut for serial 987654321q

22.05.2025, 00:28:39 [INFO] - Source: deactivate 103
Removed user cxwrrv2g from USERS.aut

22.05.2025, 00:28:39 [INFO] - Source: deactivate 109
Removed group gcxwrrv2g from GROUPS.aut

22.05.2025, 00:28:39 [INFO] - Source: deactivate 115
Removed group gcxwrrv2g from clientmounts.aut

22.05.2025, 00:28:49 [INFO] - Source: manageDevice 56
Added user cxwrrv2g:PDJYWIXT to USERS.aut for serial 987654321q

22.05.2025, 00:28:49 [INFO] - Source: manageDevice 62
Added group gcxwrrv2g:cxwrrv2g:1 to GROUPS.aut for serial 987654321q

22.05.2025, 00:28:49 [INFO] - Source: manageDevice 77
Added mounts for group gcxwrrv2g to clientmounts.aut for serial 987654321q

22.05.2025, 00:30:46 [INFO] - Source: deactivate 103
Removed user cxwrrv2g from USERS.aut

22.05.2025, 00:30:46 [INFO] - Source: deactivate 109
Removed group gcxwrrv2g from GROUPS.aut

22.05.2025, 00:30:46 [INFO] - Source: deactivate 115
Removed group gcxwrrv2g from clientmounts.aut

22.05.2025, 00:31:07 [INFO] - Source: manageDevice 56
Added user cxwrrv2g:PDJYWIXT to USERS.aut for serial 987654321q

22.05.2025, 00:31:07 [INFO] - Source: manageDevice 62
Added group gcxwrrv2g:cxwrrv2g:1 to GROUPS.aut for serial 987654321q

22.05.2025, 00:31:07 [INFO] - Source: manageDevice 77
Added mounts for group gcxwrrv2g to clientmounts.aut for serial 987654321q

22.05.2025, 00:31:34 [INFO] - Source: deactivate 103
Removed user cxwrrv2g from USERS.aut

22.05.2025, 00:31:34 [INFO] - Source: deactivate 109
Removed group gcxwrrv2g from GROUPS.aut

22.05.2025, 00:31:34 [INFO] - Source: deactivate 115
Removed group gcxwrrv2g from clientmounts.aut

22.05.2025, 00:32:06 [INFO] - Source: manageDevice 56
Added user cxwrrv2g:PDJYWIXT to USERS.aut for serial 987654321q

22.05.2025, 00:32:06 [INFO] - Source: manageDevice 62
Added group gcxwrrv2g:cxwrrv2g:1 to GROUPS.aut for serial 987654321q

22.05.2025, 00:32:06 [INFO] - Source: manageDevice 77
Added mounts for group gcxwrrv2g to clientmounts.aut for serial 987654321q

22.05.2025, 00:34:02 [INFO] - Source: deactivate 103
Removed user cxwrrv2g from USERS.aut

22.05.2025, 00:34:02 [INFO] - Source: deactivate 109
Removed group gcxwrrv2g from GROUPS.aut

22.05.2025, 00:34:02 [INFO] - Source: deactivate 115
Removed group gcxwrrv2g from clientmounts.aut

22.05.2025, 00:34:18 [INFO] - Source: manageDevice 56
Added user cxwrrv2g:PDJYWIXT to USERS.aut for serial 987654321q

22.05.2025, 00:34:18 [INFO] - Source: manageDevice 62
Added group gcxwrrv2g:cxwrrv2g:1 to GROUPS.aut for serial 987654321q

22.05.2025, 00:34:18 [INFO] - Source: manageDevice 77
Added mounts for group gcxwrrv2g to clientmounts.aut for serial 987654321q

22.05.2025, 00:34:49 [INFO] - Source: deactivate 103
Removed user cxwrrv2g from USERS.aut

22.05.2025, 00:34:49 [INFO] - Source: deactivate 109
Removed group gcxwrrv2g from GROUPS.aut

22.05.2025, 00:34:49 [INFO] - Source: deactivate 115
Removed group gcxwrrv2g from clientmounts.aut

22.05.2025, 00:35:03 [INFO] - Source: manageDevice 56
Added user cxwrrv2g:PDJYWIXT to USERS.aut for serial 987654321q

22.05.2025, 00:35:03 [INFO] - Source: manageDevice 62
Added group gcxwrrv2g:cxwrrv2g:1 to GROUPS.aut for serial 987654321q

22.05.2025, 00:35:03 [INFO] - Source: manageDevice 77
Added mounts for group gcxwrrv2g to clientmounts.aut for serial 987654321q

22.05.2025, 00:35:15 [INFO] - Source: deactivate 103
Removed user cxwrrv2g from USERS.aut

22.05.2025, 00:35:15 [INFO] - Source: deactivate 109
Removed group gcxwrrv2g from GROUPS.aut

22.05.2025, 00:35:15 [INFO] - Source: deactivate 115
Removed group gcxwrrv2g from clientmounts.aut

22.05.2025, 00:35:22 [INFO] - Source: manageDevice 56
Added user cxwrrv2g:PDJYWIXT to USERS.aut for serial 987654321q

22.05.2025, 00:35:22 [INFO] - Source: manageDevice 62
Added group gcxwrrv2g:cxwrrv2g:1 to GROUPS.aut for serial 987654321q

22.05.2025, 00:35:22 [INFO] - Source: manageDevice 77
Added mounts for group gcxwrrv2g to clientmounts.aut for serial 987654321q

22.05.2025, 00:35:51 [INFO] - Source: deactivate 103
Removed user cxwrrv2g from USERS.aut

22.05.2025, 00:35:51 [INFO] - Source: deactivate 109
Removed group gcxwrrv2g from GROUPS.aut

22.05.2025, 00:35:51 [INFO] - Source: deactivate 115
Removed group gcxwrrv2g from clientmounts.aut

22.05.2025, 00:35:56 [INFO] - Source: manageDevice 56
Added user cxwrrv2g:PDJYWIXT to USERS.aut for serial 987654321q

22.05.2025, 00:35:56 [INFO] - Source: manageDevice 62
Added group gcxwrrv2g:cxwrrv2g:1 to GROUPS.aut for serial 987654321q

22.05.2025, 00:35:56 [INFO] - Source: manageDevice 77
Added mounts for group gcxwrrv2g to clientmounts.aut for serial 987654321q

22.05.2025, 00:36:09 [INFO] - Source: deactivate 103
Removed user cxwrrv2g from USERS.aut

22.05.2025, 00:36:09 [INFO] - Source: deactivate 109
Removed group gcxwrrv2g from GROUPS.aut

22.05.2025, 00:36:09 [INFO] - Source: deactivate 115
Removed group gcxwrrv2g from clientmounts.aut

22.05.2025, 00:44:45 [INFO] - Source: manageDevice 56
Added user 52siujpr:JQB0GB1H to USERS.aut for serial 1234567890

22.05.2025, 00:44:45 [INFO] - Source: manageDevice 62
Added group g52siujpr:52siujpr:1 to GROUPS.aut for serial 1234567890

22.05.2025, 00:44:45 [INFO] - Source: manageDevice 77
Added mounts for group g52siujpr to clientmounts.aut for serial 1234567890

22.05.2025, 00:47:53 [ERROR] - Source: manageDevice 81
Error: Failed to manage device for serial 1234567890: Login 52siujpr already exists

22.05.2025, 00:49:01 [INFO] - Source: STARTUP
Server started on port 1234

22.05.2025, 00:49:16 [INFO] - Source: manageDevice 56
Added user d9fe00lt:1I5IEB85 to USERS.aut for serial 1234567890

22.05.2025, 00:49:16 [INFO] - Source: manageDevice 62
Added group gd9fe00lt:d9fe00lt:1 to GROUPS.aut for serial 1234567890

22.05.2025, 00:49:17 [INFO] - Source: manageDevice 77
Added mounts for group gd9fe00lt to clientmounts.aut for serial 1234567890

22.05.2025, 00:56:04 [INFO] - Source: STARTUP
Server started on port 1234

22.05.2025, 00:57:16 [INFO] - Source: STARTUP
Server started on port 1234

22.05.2025, 00:58:50 [INFO] - Source: deactivate 103
Removed user  from USERS.aut

22.05.2025, 00:58:50 [INFO] - Source: deactivate 109
Removed group  from GROUPS.aut

22.05.2025, 00:58:50 [INFO] - Source: deactivate 115
Removed group  from clientmounts.aut

22.05.2025, 01:01:46 [INFO] - Source: STARTUP
Server started on port 1234

22.05.2025, 01:02:05 [ERROR] - Source: deactivate 119
Error: Failed to deactivate for login : Login  not found

22.05.2025, 01:03:13 [INFO] - Source: STARTUP
Server started on port 1234

22.05.2025, 01:03:24 [ERROR] - Source: deactivate 119
Error: Failed to deactivate for login : Login  not found

22.05.2025, 01:03:42 [INFO] - Source: STARTUP
Server started on port 1234

22.05.2025, 01:03:52 [ERROR] - Source: deactivate 119
Error: Failed to deactivate for login : Login  not found

22.05.2025, 01:04:28 [INFO] - Source: STARTUP
Server started on port 1234

22.05.2025, 01:04:38 [ERROR] - Source: deactivate 119
Error: Failed to deactivate for login d9fe00lt: Login d9fe00lt not found

22.05.2025, 01:06:19 [ERROR] - Source: deactivate 119
Error: Failed to deactivate for login d9fe00lt: Login d9fe00lt not found

22.05.2025, 01:07:34 [INFO] - Source: deactivate 103
Removed user d9fe00lt from USERS.aut

22.05.2025, 01:07:34 [INFO] - Source: deactivate 109
Removed group gd9fe00lt from GROUPS.aut

22.05.2025, 01:07:34 [INFO] - Source: deactivate 115
Removed group gd9fe00lt from clientmounts.aut

22.05.2025, 01:07:48 [INFO] - Source: manageDevice 56
Added user d9fe00lt:1I5IEB85 to USERS.aut for serial 1234567890

22.05.2025, 01:07:48 [INFO] - Source: manageDevice 62
Added group gd9fe00lt:d9fe00lt:1 to GROUPS.aut for serial 1234567890

22.05.2025, 01:07:48 [INFO] - Source: manageDevice 77
Added mounts for group gd9fe00lt to clientmounts.aut for serial 1234567890

22.05.2025, 01:08:02 [INFO] - Source: manageDevice 56
Added user cxwrrv2g:PDJYWIXT to USERS.aut for serial 987654321q

22.05.2025, 01:08:03 [INFO] - Source: manageDevice 62
Added group gcxwrrv2g:cxwrrv2g:1 to GROUPS.aut for serial 987654321q

22.05.2025, 01:08:03 [INFO] - Source: manageDevice 77
Added mounts for group gcxwrrv2g to clientmounts.aut for serial 987654321q

22.05.2025, 01:08:54 [INFO] - Source: deactivate 103
Removed user d9fe00lt from USERS.aut

22.05.2025, 01:08:54 [INFO] - Source: deactivate 109
Removed group gd9fe00lt from GROUPS.aut

22.05.2025, 01:08:54 [INFO] - Source: deactivate 115
Removed group gd9fe00lt from clientmounts.aut

22.05.2025, 01:13:14 [INFO] - Source: manageDevice 56
Added user d9fe00lt:1I5IEB85 to USERS.aut for serial 1234567890

22.05.2025, 01:13:14 [INFO] - Source: manageDevice 62
Added group gd9fe00lt:d9fe00lt:1 to GROUPS.aut for serial 1234567890

22.05.2025, 01:13:14 [INFO] - Source: manageDevice 77
Added mounts for group gd9fe00lt to clientmounts.aut for serial 1234567890

22.05.2025, 01:14:11 [INFO] - Source: deactivate 103
Removed user d9fe00lt from USERS.aut

22.05.2025, 01:14:11 [INFO] - Source: deactivate 109
Removed group gd9fe00lt from GROUPS.aut

22.05.2025, 01:14:11 [INFO] - Source: deactivate 115
Removed group gd9fe00lt from clientmounts.aut

22.05.2025, 01:21:54 [ERROR] - Source: deactivate 119
Error: Failed to deactivate for login d9fe00lt: Login d9fe00lt not found

22.05.2025, 01:23:14 [INFO] - Source: deactivate 103
Removed user  from USERS.aut

22.05.2025, 01:23:14 [INFO] - Source: deactivate 109
Removed group  from GROUPS.aut

22.05.2025, 01:23:14 [INFO] - Source: deactivate 115
Removed group  from clientmounts.aut

22.05.2025, 01:23:47 [ERROR] - Source: deactivate 119
Error: Failed to deactivate for login : Login  not found

22.05.2025, 01:24:24 [INFO] - Source: STARTUP
Server started on port 1234

22.05.2025, 01:30:06 [INFO] - Source: STARTUP
Server started on port 1234

