27.05.2025, 14:31:27 [INFO] - Source: STARTUP
Server started on port 1234

27.05.2025, 14:31:42 [INFO] - Source: updateDevicesWithNewStation
Successfully updated 0 devices with new station ID 1816.

27.05.2025, 14:34:56 [INFO] - Source: STARTUP
Server started on port 1234

27.05.2025, 14:35:15 [INFO] - Source: updateDevicesWithNewStation
Successfully updated 0 devices with new station ID 1817.

27.05.2025, 14:35:26 [INFO] - Source: STARTUP
Server started on port 1234

27.05.2025, 14:35:45 [INFO] - Source: updateDevicesWithNewStation
Successfully updated 0 devices with new station ID 1818.

27.05.2025, 14:36:33 [INFO] - Source: STARTUP
Server started on port 1234

27.05.2025, 14:36:46 [INFO] - Source: STARTUP
Server started on port 1234

27.05.2025, 14:37:10 [INFO] - Source: updateDevicesWithNewStation
Successfully updated 0 devices with new station ID 1819.

27.05.2025, 14:47:55 [INFO] - Source: STARTUP
Server started on port 1234

27.05.2025, 14:48:20 [INFO] - Source: STARTUP
Server started on port 1234

27.05.2025, 14:48:58 [INFO] - Source: updateDevicesWithNewStation
Successfully updated 2 devices with new station ID 1820.

27.05.2025, 14:49:52 [INFO] - Source: STARTUP
Server started on port 1234

27.05.2025, 14:49:58 [INFO] - Source: STARTUP
Server started on port 1234

27.05.2025, 14:50:21 [INFO] - Source: updateDevicesWithNewStation
Successfully updated 2 devices with new station ID 1821.

27.05.2025, 14:52:23 [INFO] - Source: STARTUP
Server started on port 1234

27.05.2025, 14:52:57 [INFO] - Source: updateDevicesWithNewStation
Successfully updated 2 devices with new station ID 1822.

27.05.2025, 14:53:50 [INFO] - Source: updateDevicesWithNewStation
Successfully updated 2 devices with new station ID 1823.

27.05.2025, 14:55:30 [INFO] - Source: updateDevicesWithNewStation
Successfully updated 2 devices with new station ID 1824.

27.05.2025, 14:59:39 [INFO] - Source: STARTUP
Server started on port 1234

27.05.2025, 14:59:45 [INFO] - Source: STARTUP
Server started on port 1234

27.05.2025, 15:03:43 [INFO] - Source: STARTUP
Server started on port 1234

27.05.2025, 15:05:47 [INFO] - Source: STARTUP
Server started on port 1234

27.05.2025, 15:06:32 [INFO] - Source: updateDevicesWithNewStation
Successfully updated 2 devices with new station ID 1825.

27.05.2025, 15:12:50 [INFO] - Source: STARTUP
Server started on port 1234

27.05.2025, 16:46:05 [INFO] - Source: STARTUP
Server started on port 1234

27.05.2025, 16:47:33 [INFO] - Source: STARTUP
Server started on port 1234

27.05.2025, 16:48:39 [INFO] - Source: STARTUP
Server started on port 1234

27.05.2025, 16:49:37 [INFO] - Source: STARTUP
Server started on port 1234

27.05.2025, 16:51:54 [INFO] - Source: STARTUP
Server started on port 1234

27.05.2025, 16:52:07 [INFO] - Source: STARTUP
Server started on port 1234

27.05.2025, 16:52:38 [INFO] - Source: STARTUP
Server started on port 1234

27.05.2025, 17:05:49 [INFO] - Source: STARTUP
Server started on port 1234

27.05.2025, 17:09:56 [INFO] - Source: STARTUP
Server started on port 1234

27.05.2025, 17:20:55 [INFO] - Source: STARTUP
Server started on port 1234

27.05.2025, 17:21:34 [INFO] - Source: updateDevicesWithNewStation
Successfully updated 2 devices with new station ID 1827.

27.05.2025, 17:21:34 [ERROR] - Source: handle_new_station_creation
Error: Error: No devices with groups found
    at file:///C:/Users/xaker/WebstormProjects/geokurs_module_base_stations_back/index.js:454:19
    at process.processTicksAndRejections (node:internal/process/task_queues:105:5)

27.05.2025, 17:23:34 [INFO] - Source: updateDevicesWithNewStation
Successfully updated 2 devices with new station ID 1828.

27.05.2025, 17:23:34 [ERROR] - Source: handle_new_station_creation
Error: Error: _put: Write stream error: No such file /path/to/clientmounts.aut
    at SftpClient.fmtError (C:\Users\xaker\WebstormProjects\geokurs_module_base_stations_back\node_modules\ssh2-sftp-client\src\index.js:90:22)
    at WriteStream.<anonymous> (C:\Users\xaker\WebstormProjects\geokurs_module_base_stations_back\node_modules\ssh2-sftp-client\src\index.js:657:18)
    at Object.onceWrapper (node:events:633:26)
    at WriteStream.emit (node:events:518:28)
    at Object.cb (C:\Users\xaker\WebstormProjects\geokurs_module_base_stations_back\node_modules\ssh2\lib\protocol\SFTP.js:3903:12)
    at 101 (C:\Users\xaker\WebstormProjects\geokurs_module_base_stations_back\node_modules\ssh2\lib\protocol\SFTP.js:2858:11)
    at SFTP.push (C:\Users\xaker\WebstormProjects\geokurs_module_base_stations_back\node_modules\ssh2\lib\protocol\SFTP.js:278:11)
    at CHANNEL_DATA (C:\Users\xaker\WebstormProjects\geokurs_module_base_stations_back\node_modules\ssh2\lib\client.js:585:23)
    at 94 (C:\Users\xaker\WebstormProjects\geokurs_module_base_stations_back\node_modules\ssh2\lib\protocol\handlers.misc.js:930:16)
    at Protocol.onPayload (C:\Users\xaker\WebstormProjects\geokurs_module_base_stations_back\node_modules\ssh2\lib\protocol\Protocol.js:2059:10)

27.05.2025, 17:23:58 [INFO] - Source: STARTUP
Server started on port 1234

27.05.2025, 17:24:18 [INFO] - Source: updateDevicesWithNewStation
Successfully updated 2 devices with new station ID 1829.

27.05.2025, 17:56:31 [INFO] - Source: STARTUP
Server started on port 1234

27.05.2025, 17:56:52 [INFO] - Source: STARTUP
Server started on port 1234

27.05.2025, 17:57:40 [ERROR] - Source: updateProductStationListUserfield
Error: Error: Station ТЕСТ бс2 is already in list!
    at updateProductStationListUserfield (file:///C:/Users/xaker/WebstormProjects/geokurs_module_base_stations_back/index.js:84:19)
    at process.processTicksAndRejections (node:internal/process/task_queues:105:5)
    at async file:///C:/Users/xaker/WebstormProjects/geokurs_module_base_stations_back/index.js:409:37

27.05.2025, 17:57:40 [ERROR] - Source: handle_new_station_creation
Error: Error: Error while adding new station in list. Possible reasons: 
1) Same station is already in list
2) Server error
    at file:///C:/Users/xaker/WebstormProjects/geokurs_module_base_stations_back/index.js:412:19
    at process.processTicksAndRejections (node:internal/process/task_queues:105:5)

27.05.2025, 17:58:01 [INFO] - Source: updateDevicesWithNewStation
Successfully updated 2 devices with new station ID 1830.

27.05.2025, 17:58:01 [ERROR] - Source: handle_new_station_creation
Error: Error: Invalid or missing clientmountField (ufCrm6_1747732721580)
    at file:///C:/Users/xaker/WebstormProjects/geokurs_module_base_stations_back/index.js:435:19
    at process.processTicksAndRejections (node:internal/process/task_queues:105:5)

27.05.2025, 17:59:16 [INFO] - Source: updateDevicesWithNewStation
Successfully updated 2 devices with new station ID 1831.

27.05.2025, 18:00:19 [INFO] - Source: updateDevicesWithNewStation
Successfully updated 2 devices with new station ID 1832.

27.05.2025, 18:03:41 [INFO] - Source: STARTUP
Server started on port 1234

